<?xml version="1.0" encoding="UTF-8"?>
<!-- Generated by org.testng.reporters.JUnitXMLReporter -->
<testsuite ignored="0" hostname="DESKTOP-8UOV5P4" failures="0" tests="3" name="Test cases" time="0.047" errors="0" timestamp="17 Oct 2024 10:14:23 GMT">
  <testcase classname="TestNG.Sampletest" name="secondTest" time="0.018"/>
  <testcase classname="TestNG.Sampletest" name="firstTest" time="0.019"/>
  <testcase classname="TestNG.Sampletest" name="thirdTest" time="0.002"/>
</testsuite> <!-- Test cases -->
