<?xml version="1.0" encoding="UTF-8"?>
<testng-results ignored="0" total="3" passed="3" failed="0" skipped="0">
  <reporter-output>
  </reporter-output>
  <suite started-at="2024-10-17T10:14:23Z" name="Test Suite" finished-at="2024-10-17T10:14:23Z" duration-ms="47">
    <groups>
    </groups>
    <test started-at="2024-10-17T10:14:23Z" name="Test cases" finished-at="2024-10-17T10:14:23Z" duration-ms="47">
      <class name="TestNG.Sampletest">
        <test-method signature="firstTest()[pri:0, instance:TestNG.Sampletest@5276e6b0]" started-at="2024-10-17T15:44:23Z" name="firstTest" finished-at="2024-10-17T15:44:23Z" duration-ms="19" status="PASS">
          <reporter-output>
          </reporter-output>
        </test-method> <!-- firstTest -->
        <test-method signature="secondTest()[pri:0, instance:TestNG.Sampletest@5276e6b0]" started-at="2024-10-17T15:44:23Z" name="secondTest" finished-at="2024-10-17T15:44:23Z" duration-ms="18" status="PASS">
          <reporter-output>
          </reporter-output>
        </test-method> <!-- secondTest -->
        <test-method signature="thirdTest()[pri:0, instance:TestNG.Sampletest@5276e6b0]" started-at="2024-10-17T15:44:23Z" name="thirdTest" finished-at="2024-10-17T15:44:23Z" duration-ms="2" status="PASS">
          <reporter-output>
          </reporter-output>
        </test-method> <!-- thirdTest -->
      </class> <!-- TestNG.Sampletest -->
    </test> <!-- Test cases -->
  </suite> <!-- Test Suite -->
</testng-results>
